<?xml version="1.0" encoding="UTF-8"?>
<!-- Generated by org.testng.reporters.JUnitXMLReporter -->
<testsuite ignored="0" hostname="admin-desktop" failures="0" tests="2" name="Default test" time="56.037" errors="0" timestamp="2020-01-01T11:50:33 IST">
  <testcase classname="com.bridgelabz.test.CampaignPageTest" name="addOnlineCampaignForMCQTest" time="14.53"/>
  <testcase classname="com.bridgelabz.test.CampaignPageTest" name="addOnlineCampaignForRegistrationTest" time="13.182"/>
</testsuite> <!-- Default test -->
