<?xml version="1.0" encoding="UTF-8"?>
<!-- Generated by org.testng.reporters.JUnitXMLReporter -->
<testsuite ignored="0" hostname="admin-desktop" failures="0" tests="9" name="Coding Cafe test cases" time="166.368" errors="0" timestamp="2020-01-01T12:07:54 IST">
  <testcase classname="com.bridgelabz.test.LoginPageTest" name="loginTest" time="3.248"/>
  <testcase classname="com.bridgelabz.test.DashboardPageTest" name="SettingsLinkTest" time="6.293"/>
  <testcase classname="com.bridgelabz.test.DashboardPageTest" name="campaignLinkTest" time="4.34"/>
  <testcase classname="com.bridgelabz.test.DashboardPageTest" name="collegeLinkTest" time="4.465"/>
  <testcase classname="com.bridgelabz.test.DashboardPageTest" name="dashBordPageTitleTest" time="0.012"/>
  <testcase classname="com.bridgelabz.test.DashboardPageTest" name="driveLinkTest" time="4.229"/>
  <testcase classname="com.bridgelabz.test.CampaignPageTest" name="addOnlineCampaignForMCQTest" time="13.732"/>
  <testcase classname="com.bridgelabz.test.CampaignPageTest" name="addOnlineCampaignForRegistrationTest" time="12.273"/>
  <testcase classname="com.bridgelabz.test.RegisterPageTest" name="registrationTest" time="7.109"/>
</testsuite> <!-- Coding Cafe test cases -->
