<?xml version="1.0" encoding="UTF-8"?>
<testng-results ignored="0" total="1" passed="1" failed="0" skipped="0">
  <reporter-output>
  </reporter-output>
  <suite started-at="2019-12-27T16:42:50 IST" name="Default suite" finished-at="2019-12-27T16:43:26 IST" duration-ms="35842">
    <groups>
    </groups>
    <test started-at="2019-12-27T16:42:50 IST" name="Default test" finished-at="2019-12-27T16:43:26 IST" duration-ms="35842">
      <class name="com.bridgelabz.test.LoginPageTest">
        <test-method is-config="true" signature="setUp()[pri:0, instance:com.bridgelabz.test.LoginPageTest@fd07cbb]" started-at="2019-12-27T16:42:50 IST" name="setUp" finished-at="2019-12-27T16:43:22 IST" duration-ms="31623" status="PASS">
          <reporter-output>
          </reporter-output>
        </test-method> <!-- setUp -->
        <test-method signature="loginTest()[pri:0, instance:com.bridgelabz.test.LoginPageTest@fd07cbb]" started-at="2019-12-27T16:43:22 IST" name="loginTest" finished-at="2019-12-27T16:43:26 IST" duration-ms="4108" status="PASS">
          <reporter-output>
          </reporter-output>
        </test-method> <!-- loginTest -->
        <test-method is-config="true" signature="tearDown()[pri:0, instance:com.bridgelabz.test.LoginPageTest@fd07cbb]" started-at="2019-12-27T16:43:26 IST" name="tearDown" finished-at="2019-12-27T16:43:26 IST" duration-ms="83" status="PASS">
          <reporter-output>
          </reporter-output>
        </test-method> <!-- tearDown -->
      </class> <!-- com.bridgelabz.test.LoginPageTest -->
    </test> <!-- Default test -->
  </suite> <!-- Default suite -->
</testng-results>
