<?xml version="1.0" encoding="UTF-8"?>
<testng-results ignored="0" total="9" passed="9" failed="0" skipped="0">
  <reporter-output>
  </reporter-output>
  <suite started-at="2020-01-01T12:05:08 IST" name="Web Application Test Automation Suite" finished-at="2020-01-01T12:07:54 IST" duration-ms="166368">
    <groups>
    </groups>
    <test started-at="2020-01-01T12:05:08 IST" name="Coding Cafe test cases" finished-at="2020-01-01T12:07:54 IST" duration-ms="166368">
      <class name="com.bridgelabz.test.DashboardPageTest">
        <test-method is-config="true" signature="setUp()[pri:0, instance:com.bridgelabz.test.DashboardPageTest@671a5887]" started-at="2020-01-01T12:05:21 IST" name="setUp" finished-at="2020-01-01T12:05:34 IST" duration-ms="12540" status="PASS">
          <reporter-output>
          </reporter-output>
        </test-method> <!-- setUp -->
        <test-method signature="SettingsLinkTest()[pri:0, instance:com.bridgelabz.test.DashboardPageTest@671a5887]" started-at="2020-01-01T12:05:34 IST" name="SettingsLinkTest" finished-at="2020-01-01T12:05:40 IST" duration-ms="6293" status="PASS">
          <reporter-output>
          </reporter-output>
        </test-method> <!-- SettingsLinkTest -->
        <test-method is-config="true" signature="tearDown()[pri:0, instance:com.bridgelabz.test.DashboardPageTest@671a5887]" started-at="2020-01-01T12:05:40 IST" name="tearDown" finished-at="2020-01-01T12:05:40 IST" duration-ms="75" status="PASS">
          <reporter-output>
          </reporter-output>
        </test-method> <!-- tearDown -->
        <test-method is-config="true" signature="setUp()[pri:0, instance:com.bridgelabz.test.DashboardPageTest@671a5887]" started-at="2020-01-01T12:05:40 IST" name="setUp" finished-at="2020-01-01T12:05:52 IST" duration-ms="12428" status="PASS">
          <reporter-output>
          </reporter-output>
        </test-method> <!-- setUp -->
        <test-method signature="campaignLinkTest()[pri:0, instance:com.bridgelabz.test.DashboardPageTest@671a5887]" started-at="2020-01-01T12:05:52 IST" name="campaignLinkTest" finished-at="2020-01-01T12:05:57 IST" duration-ms="4340" status="PASS">
          <reporter-output>
          </reporter-output>
        </test-method> <!-- campaignLinkTest -->
        <test-method is-config="true" signature="tearDown()[pri:0, instance:com.bridgelabz.test.DashboardPageTest@671a5887]" started-at="2020-01-01T12:05:57 IST" name="tearDown" finished-at="2020-01-01T12:05:57 IST" duration-ms="71" status="PASS">
          <reporter-output>
          </reporter-output>
        </test-method> <!-- tearDown -->
        <test-method is-config="true" signature="setUp()[pri:0, instance:com.bridgelabz.test.DashboardPageTest@671a5887]" started-at="2020-01-01T12:05:57 IST" name="setUp" finished-at="2020-01-01T12:06:09 IST" duration-ms="12386" status="PASS">
          <reporter-output>
          </reporter-output>
        </test-method> <!-- setUp -->
        <test-method signature="collegeLinkTest()[pri:0, instance:com.bridgelabz.test.DashboardPageTest@671a5887]" started-at="2020-01-01T12:06:09 IST" name="collegeLinkTest" finished-at="2020-01-01T12:06:14 IST" duration-ms="4465" status="PASS">
          <reporter-output>
          </reporter-output>
        </test-method> <!-- collegeLinkTest -->
        <test-method is-config="true" signature="tearDown()[pri:0, instance:com.bridgelabz.test.DashboardPageTest@671a5887]" started-at="2020-01-01T12:06:14 IST" name="tearDown" finished-at="2020-01-01T12:06:14 IST" duration-ms="117" status="PASS">
          <reporter-output>
          </reporter-output>
        </test-method> <!-- tearDown -->
        <test-method is-config="true" signature="setUp()[pri:0, instance:com.bridgelabz.test.DashboardPageTest@671a5887]" started-at="2020-01-01T12:06:14 IST" name="setUp" finished-at="2020-01-01T12:06:27 IST" duration-ms="13097" status="PASS">
          <reporter-output>
          </reporter-output>
        </test-method> <!-- setUp -->
        <test-method signature="dashBordPageTitleTest()[pri:0, instance:com.bridgelabz.test.DashboardPageTest@671a5887]" started-at="2020-01-01T12:06:27 IST" name="dashBordPageTitleTest" finished-at="2020-01-01T12:06:27 IST" duration-ms="12" status="PASS">
          <reporter-output>
          </reporter-output>
        </test-method> <!-- dashBordPageTitleTest -->
        <test-method is-config="true" signature="tearDown()[pri:0, instance:com.bridgelabz.test.DashboardPageTest@671a5887]" started-at="2020-01-01T12:06:27 IST" name="tearDown" finished-at="2020-01-01T12:06:27 IST" duration-ms="76" status="PASS">
          <reporter-output>
          </reporter-output>
        </test-method> <!-- tearDown -->
        <test-method is-config="true" signature="setUp()[pri:0, instance:com.bridgelabz.test.DashboardPageTest@671a5887]" started-at="2020-01-01T12:06:27 IST" name="setUp" finished-at="2020-01-01T12:06:40 IST" duration-ms="12865" status="PASS">
          <reporter-output>
          </reporter-output>
        </test-method> <!-- setUp -->
        <test-method signature="driveLinkTest()[pri:0, instance:com.bridgelabz.test.DashboardPageTest@671a5887]" started-at="2020-01-01T12:06:40 IST" name="driveLinkTest" finished-at="2020-01-01T12:06:44 IST" duration-ms="4229" status="PASS">
          <reporter-output>
          </reporter-output>
        </test-method> <!-- driveLinkTest -->
        <test-method is-config="true" signature="tearDown()[pri:0, instance:com.bridgelabz.test.DashboardPageTest@671a5887]" started-at="2020-01-01T12:06:44 IST" name="tearDown" finished-at="2020-01-01T12:06:44 IST" duration-ms="75" status="PASS">
          <reporter-output>
          </reporter-output>
        </test-method> <!-- tearDown -->
      </class> <!-- com.bridgelabz.test.DashboardPageTest -->
      <class name="com.bridgelabz.test.CampaignPageTest">
        <test-method is-config="true" signature="setUp()[pri:0, instance:com.bridgelabz.test.CampaignPageTest@5552768b]" started-at="2020-01-01T12:06:44 IST" name="setUp" finished-at="2020-01-01T12:06:57 IST" duration-ms="12524" status="PASS">
          <reporter-output>
          </reporter-output>
        </test-method> <!-- setUp -->
        <test-method signature="addOnlineCampaignForMCQTest()[pri:0, instance:com.bridgelabz.test.CampaignPageTest@5552768b]" started-at="2020-01-01T12:06:57 IST" name="addOnlineCampaignForMCQTest" finished-at="2020-01-01T12:07:10 IST" duration-ms="13732" status="PASS">
          <reporter-output>
          </reporter-output>
        </test-method> <!-- addOnlineCampaignForMCQTest -->
        <test-method is-config="true" signature="tearDown()[pri:0, instance:com.bridgelabz.test.CampaignPageTest@5552768b]" started-at="2020-01-01T12:07:10 IST" name="tearDown" finished-at="2020-01-01T12:07:11 IST" duration-ms="71" status="PASS">
          <reporter-output>
          </reporter-output>
        </test-method> <!-- tearDown -->
        <test-method is-config="true" signature="setUp()[pri:0, instance:com.bridgelabz.test.CampaignPageTest@5552768b]" started-at="2020-01-01T12:07:11 IST" name="setUp" finished-at="2020-01-01T12:07:23 IST" duration-ms="12595" status="PASS">
          <reporter-output>
          </reporter-output>
        </test-method> <!-- setUp -->
        <test-method signature="addOnlineCampaignForRegistrationTest()[pri:0, instance:com.bridgelabz.test.CampaignPageTest@5552768b]" started-at="2020-01-01T12:07:23 IST" name="addOnlineCampaignForRegistrationTest" finished-at="2020-01-01T12:07:35 IST" duration-ms="12273" status="PASS">
          <reporter-output>
          </reporter-output>
        </test-method> <!-- addOnlineCampaignForRegistrationTest -->
        <test-method is-config="true" signature="tearDown()[pri:0, instance:com.bridgelabz.test.CampaignPageTest@5552768b]" started-at="2020-01-01T12:07:35 IST" name="tearDown" finished-at="2020-01-01T12:07:35 IST" duration-ms="75" status="PASS">
          <reporter-output>
          </reporter-output>
        </test-method> <!-- tearDown -->
      </class> <!-- com.bridgelabz.test.CampaignPageTest -->
      <class name="com.bridgelabz.test.RegisterPageTest">
        <test-method is-config="true" signature="setUp()[pri:0, instance:com.bridgelabz.test.RegisterPageTest@3c947bc5]" started-at="2020-01-01T12:07:35 IST" name="setUp" finished-at="2020-01-01T12:07:47 IST" duration-ms="11666" status="PASS">
          <reporter-output>
          </reporter-output>
        </test-method> <!-- setUp -->
        <test-method signature="registrationTest()[pri:0, instance:com.bridgelabz.test.RegisterPageTest@3c947bc5]" started-at="2020-01-01T12:07:47 IST" name="registrationTest" finished-at="2020-01-01T12:07:54 IST" duration-ms="7109" status="PASS">
          <reporter-output>
          </reporter-output>
        </test-method> <!-- registrationTest -->
        <test-method is-config="true" signature="tearDown()[pri:0, instance:com.bridgelabz.test.RegisterPageTest@3c947bc5]" started-at="2020-01-01T12:07:54 IST" name="tearDown" finished-at="2020-01-01T12:07:54 IST" duration-ms="66" status="PASS">
          <reporter-output>
          </reporter-output>
        </test-method> <!-- tearDown -->
      </class> <!-- com.bridgelabz.test.RegisterPageTest -->
      <class name="com.bridgelabz.test.LoginPageTest">
        <test-method is-config="true" signature="setUp()[pri:0, instance:com.bridgelabz.test.LoginPageTest@87a85e1]" started-at="2020-01-01T12:05:08 IST" name="setUp" finished-at="2020-01-01T12:05:18 IST" duration-ms="9819" status="PASS">
          <reporter-output>
          </reporter-output>
        </test-method> <!-- setUp -->
        <test-method signature="loginTest()[pri:0, instance:com.bridgelabz.test.LoginPageTest@87a85e1]" started-at="2020-01-01T12:05:18 IST" name="loginTest" finished-at="2020-01-01T12:05:21 IST" duration-ms="3248" status="PASS">
          <reporter-output>
          </reporter-output>
        </test-method> <!-- loginTest -->
        <test-method is-config="true" signature="tearDown()[pri:0, instance:com.bridgelabz.test.LoginPageTest@87a85e1]" started-at="2020-01-01T12:05:21 IST" name="tearDown" finished-at="2020-01-01T12:05:21 IST" duration-ms="67" status="PASS">
          <reporter-output>
          </reporter-output>
        </test-method> <!-- tearDown -->
      </class> <!-- com.bridgelabz.test.LoginPageTest -->
    </test> <!-- Coding Cafe test cases -->
  </suite> <!-- Web Application Test Automation Suite -->
</testng-results>
